Info 0    [00:08:17.707] Starting TS Server
Info 1    [00:08:17.708] Version: 4.9.5
Info 2    [00:08:17.708] Arguments: /opt/homebrew/Cellar/node/19.4.0/bin/node /Users/will/Code/projects/flight-plan/node_modules/typescript/lib/tsserver.js --useInferredProjectPerProjectRoot --cancellationPipeName /private/var/folders/jf/vq706qp925s0qjkm6scvpvyr0000gn/T/c5830754c65dd6340b91224ece603baa/tscancellation* --logFile /Users/will/Code/projects/flight-plan/.log/tsserver.log --logVerbosity info --locale en --validateDefaultNpmLocation --useNodeIpc
Info 3    [00:08:17.708] Platform: darwin NodeVersion: 19 CaseSensitive: false
Info 4    [00:08:17.708] ServerMode: undefined syntaxOnly: false hasUnknownServerMode: undefined
Info 5    [00:08:17.714] Format host information updated
Info 6    [00:08:17.723] Search path: /Users/will/Code/projects/flight-plan/src/pages
Info 7    [00:08:17.724] For info: /Users/will/Code/projects/flight-plan/src/pages/index.tsx :: Config file name: /Users/will/Code/projects/flight-plan/tsconfig.json
Info 8    [00:08:17.724] Creating configuration project /Users/will/Code/projects/flight-plan/tsconfig.json
Info 9    [00:08:17.744] Config: /Users/will/Code/projects/flight-plan/tsconfig.json : {
 "rootNames": [
  "/Users/will/Code/projects/flight-plan/.eslintrc.cjs",
  "/Users/will/Code/projects/flight-plan/next-env.d.ts",
  "/Users/will/Code/projects/flight-plan/src/hooks/useDebounce.ts",
  "/Users/will/Code/projects/flight-plan/src/pages/api/auth/[...nextauth].ts",
  "/Users/will/Code/projects/flight-plan/src/pages/api/trpc/[trpc].ts",
  "/Users/will/Code/projects/flight-plan/src/server/auth.ts",
  "/Users/will/Code/projects/flight-plan/src/server/db.ts",
  "/Users/will/Code/projects/flight-plan/src/server/api/root.ts",
  "/Users/will/Code/projects/flight-plan/src/server/api/trpc.ts",
  "/Users/will/Code/projects/flight-plan/src/server/api/routers/airmenAuth.ts",
  "/Users/will/Code/projects/flight-plan/src/server/api/routers/example.ts",
  "/Users/will/Code/projects/flight-plan/src/server/api/routers/posts.ts",
  "/Users/will/Code/projects/flight-plan/src/server/api/routers/user.ts",
  "/Users/will/Code/projects/flight-plan/src/utils/api.ts",
  "/Users/will/Code/projects/flight-plan/src/components/Layout.tsx",
  "/Users/will/Code/projects/flight-plan/src/components/LottiePlane.tsx",
  "/Users/will/Code/projects/flight-plan/src/components/PostViewer.tsx",
  "/Users/will/Code/projects/flight-plan/src/components/SignUpModal.tsx",
  "/Users/will/Code/projects/flight-plan/src/components/postFeed/index.tsx",
  "/Users/will/Code/projects/flight-plan/src/pages/_app.tsx",
  "/Users/will/Code/projects/flight-plan/src/pages/index.tsx",
  "/Users/will/Code/projects/flight-plan/src/pages/sign-in.tsx",
  "/Users/will/Code/projects/flight-plan/next.config.mjs",
  "/Users/will/Code/projects/flight-plan/src/env.mjs"
 ],
 "options": {
  "target": 4,
  "lib": [
   "lib.dom.d.ts",
   "lib.dom.iterable.d.ts",
   "lib.esnext.d.ts"
  ],
  "allowJs": true,
  "checkJs": true,
  "skipLibCheck": true,
  "strict": true,
  "forceConsistentCasingInFileNames": true,
  "noEmit": true,
  "esModuleInterop": true,
  "module": 99,
  "moduleResolution": 2,
  "resolveJsonModule": true,
  "isolatedModules": true,
  "jsx": 1,
  "incremental": true,
  "noUncheckedIndexedAccess": true,
  "baseUrl": "/Users/will/Code/projects/flight-plan",
  "paths": {
   "flight-plan/*": [
    "./src/*"
   ]
  },
  "pathsBasePath": "/Users/will/Code/projects/flight-plan",
  "configFilePath": "/Users/will/Code/projects/flight-plan/tsconfig.json"
 }
}
Info 10   [00:08:17.753] Starting updateGraphWorker: Project: /Users/will/Code/projects/flight-plan/tsconfig.json
Info 11   [00:08:19.238] Finishing updateGraphWorker: Project: /Users/will/Code/projects/flight-plan/tsconfig.json Version: 1 structureChanged: true structureIsReused:: Not Elapsed: 1484.938540995121ms
Info 12   [00:08:19.238] Project '/Users/will/Code/projects/flight-plan/tsconfig.json' (Configured)
Info 13   [00:08:19.238] 	Files (906)

Info 14   [00:08:19.238] -----------------------------------------------
Info 15   [00:08:19.259] AutoImportProviderProject: found 2 root files in 2 dependencies in 18.694083005189896 ms
Info 16   [00:08:19.259] Starting updateGraphWorker: Project: /dev/null/autoImportProviderProject1*
Info 17   [00:08:19.341] Finishing updateGraphWorker: Project: /dev/null/autoImportProviderProject1* Version: 1 structureChanged: true structureIsReused:: Not Elapsed: 81.83149999380112ms
Info 18   [00:08:19.341] Project '/dev/null/autoImportProviderProject1*' (AutoImportProvider)
Info 19   [00:08:19.341] 	Files (60)

Info 20   [00:08:19.341] -----------------------------------------------
Info 21   [00:08:19.356] DirectoryWatcher:: Triggered with /users/will/code/projects/flight-plan/.log/ti-84353.log :: WatchInfo: /users/will/code/projects/flight-plan 1 undefined Config: /Users/will/Code/projects/flight-plan/tsconfig.json WatchType: Wild card directory
Info 22   [00:08:19.356] Project: /Users/will/Code/projects/flight-plan/tsconfig.json Detected file add/remove of non supported extension: /users/will/code/projects/flight-plan/.log/ti-84353.log
Info 23   [00:08:19.356] Elapsed:: 0.21391698718070984ms DirectoryWatcher:: Triggered with /users/will/code/projects/flight-plan/.log/ti-84353.log :: WatchInfo: /users/will/code/projects/flight-plan 1 undefined Config: /Users/will/Code/projects/flight-plan/tsconfig.json WatchType: Wild card directory
Info 24   [00:08:19.356] DirectoryWatcher:: Triggered with /users/will/code/projects/flight-plan/.log/ti-84353.log :: WatchInfo: /users/will/code/projects/flight-plan 1 undefined Config: /Users/will/Code/projects/flight-plan/tsconfig.json WatchType: Wild card directory
Info 25   [00:08:19.356] Project: /Users/will/Code/projects/flight-plan/tsconfig.json Detected file add/remove of non supported extension: /users/will/code/projects/flight-plan/.log/ti-84353.log
Info 26   [00:08:19.356] Elapsed:: 0.025292009115219116ms DirectoryWatcher:: Triggered with /users/will/code/projects/flight-plan/.log/ti-84353.log :: WatchInfo: /users/will/code/projects/flight-plan 1 undefined Config: /Users/will/Code/projects/flight-plan/tsconfig.json WatchType: Wild card directory
Info 27   [00:08:19.356] DirectoryWatcher:: Triggered with /users/will/code/projects/flight-plan/.log/ti-84353.log :: WatchInfo: /users/will/code/projects/flight-plan 1 undefined Config: /Users/will/Code/projects/flight-plan/tsconfig.json WatchType: Wild card directory
Info 28   [00:08:19.356] Project: /Users/will/Code/projects/flight-plan/tsconfig.json Detected file add/remove of non supported extension: /users/will/code/projects/flight-plan/.log/ti-84353.log
Info 29   [00:08:19.356] Elapsed:: 0.01925000548362732ms DirectoryWatcher:: Triggered with /users/will/code/projects/flight-plan/.log/ti-84353.log :: WatchInfo: /users/will/code/projects/flight-plan 1 undefined Config: /Users/will/Code/projects/flight-plan/tsconfig.json WatchType: Wild card directory
Info 30   [00:08:19.356] DirectoryWatcher:: Triggered with /users/will/code/projects/flight-plan/.log/ti-84353.log :: WatchInfo: /users/will/code/projects/flight-plan 1 undefined Config: /Users/will/Code/projects/flight-plan/tsconfig.json WatchType: Wild card directory
Info 31   [00:08:19.356] Project: /Users/will/Code/projects/flight-plan/tsconfig.json Detected file add/remove of non supported extension: /users/will/code/projects/flight-plan/.log/ti-84353.log
Info 32   [00:08:19.356] Elapsed:: 0.019832998514175415ms DirectoryWatcher:: Triggered with /users/will/code/projects/flight-plan/.log/ti-84353.log :: WatchInfo: /users/will/code/projects/flight-plan 1 undefined Config: /Users/will/Code/projects/flight-plan/tsconfig.json WatchType: Wild card directory
Info 33   [00:09:38.892] Starting updateGraphWorker: Project: /Users/will/Code/projects/flight-plan/tsconfig.json
Info 34   [00:09:38.915] Finishing updateGraphWorker: Project: /Users/will/Code/projects/flight-plan/tsconfig.json Version: 2 structureChanged: false structureIsReused:: Completely Elapsed: 22.412292003631592ms
Info 35   [00:09:38.915] Different program with same set of files
Info 36   [00:09:43.717] Starting updateGraphWorker: Project: /Users/will/Code/projects/flight-plan/tsconfig.json
Info 37   [00:09:43.741] Finishing updateGraphWorker: Project: /Users/will/Code/projects/flight-plan/tsconfig.json Version: 3 structureChanged: false structureIsReused:: Completely Elapsed: 24.603790998458862ms
Info 38   [00:09:43.741] Different program with same set of files
Info 39   [00:09:46.405] Starting updateGraphWorker: Project: /Users/will/Code/projects/flight-plan/tsconfig.json
Info 40   [00:09:46.428] Finishing updateGraphWorker: Project: /Users/will/Code/projects/flight-plan/tsconfig.json Version: 4 structureChanged: false structureIsReused:: Completely Elapsed: 21.98691698908806ms
Info 41   [00:09:46.428] Different program with same set of files
Info 42   [00:09:47.048] Starting updateGraphWorker: Project: /Users/will/Code/projects/flight-plan/tsconfig.json
Info 43   [00:09:47.063] Finishing updateGraphWorker: Project: /Users/will/Code/projects/flight-plan/tsconfig.json Version: 5 structureChanged: false structureIsReused:: Completely Elapsed: 15.575374990701675ms
Info 44   [00:09:47.063] Different program with same set of files
Info 45   [00:09:47.727] Starting updateGraphWorker: Project: /Users/will/Code/projects/flight-plan/tsconfig.json
Info 46   [00:09:47.742] Finishing updateGraphWorker: Project: /Users/will/Code/projects/flight-plan/tsconfig.json Version: 6 structureChanged: false structureIsReused:: Completely Elapsed: 14.751792013645172ms
Info 47   [00:09:47.742] Different program with same set of files
Info 48   [00:09:48.245] Starting updateGraphWorker: Project: /Users/will/Code/projects/flight-plan/tsconfig.json
Info 49   [00:09:48.257] Finishing updateGraphWorker: Project: /Users/will/Code/projects/flight-plan/tsconfig.json Version: 7 structureChanged: false structureIsReused:: Completely Elapsed: 12.470499992370605ms
Info 50   [00:09:48.257] Different program with same set of files
Info 51   [00:09:48.894] DirectoryWatcher:: Triggered with /users/will/code/projects/flight-plan/.git/index.lock :: WatchInfo: /users/will/code/projects/flight-plan 1 undefined Config: /Users/will/Code/projects/flight-plan/tsconfig.json WatchType: Wild card directory
Info 52   [00:09:48.895] Project: /Users/will/Code/projects/flight-plan/tsconfig.json Detected ignored path: /users/will/code/projects/flight-plan/.git/index.lock
Info 53   [00:09:48.895] Elapsed:: 0.09037500619888306ms DirectoryWatcher:: Triggered with /users/will/code/projects/flight-plan/.git/index.lock :: WatchInfo: /users/will/code/projects/flight-plan 1 undefined Config: /Users/will/Code/projects/flight-plan/tsconfig.json WatchType: Wild card directory
Info 54   [00:09:49.020] DirectoryWatcher:: Triggered with /users/will/code/projects/flight-plan/.next/static/webpack/pages/index.832c775cc9959297.hot-update.js :: WatchInfo: /users/will/code/projects/flight-plan 1 undefined Config: /Users/will/Code/projects/flight-plan/tsconfig.json WatchType: Wild card directory
Info 55   [00:09:49.020] Elapsed:: 0.4728339910507202ms DirectoryWatcher:: Triggered with /users/will/code/projects/flight-plan/.next/static/webpack/pages/index.832c775cc9959297.hot-update.js :: WatchInfo: /users/will/code/projects/flight-plan 1 undefined Config: /Users/will/Code/projects/flight-plan/tsconfig.json WatchType: Wild card directory
Info 56   [00:09:49.020] DirectoryWatcher:: Triggered with /users/will/code/projects/flight-plan/.next/static/webpack/webpack.832c775cc9959297.hot-update.js :: WatchInfo: /users/will/code/projects/flight-plan 1 undefined Config: /Users/will/Code/projects/flight-plan/tsconfig.json WatchType: Wild card directory
Info 57   [00:09:49.020] Elapsed:: 0.312375009059906ms DirectoryWatcher:: Triggered with /users/will/code/projects/flight-plan/.next/static/webpack/webpack.832c775cc9959297.hot-update.js :: WatchInfo: /users/will/code/projects/flight-plan 1 undefined Config: /Users/will/Code/projects/flight-plan/tsconfig.json WatchType: Wild card directory
Info 58   [00:09:49.021] DirectoryWatcher:: Triggered with /users/will/code/projects/flight-plan/.next/static/webpack/832c775cc9959297.webpack.hot-update.json :: WatchInfo: /users/will/code/projects/flight-plan 1 undefined Config: /Users/will/Code/projects/flight-plan/tsconfig.json WatchType: Wild card directory
Info 59   [00:09:49.021] Elapsed:: 0.17112502455711365ms DirectoryWatcher:: Triggered with /users/will/code/projects/flight-plan/.next/static/webpack/832c775cc9959297.webpack.hot-update.json :: WatchInfo: /users/will/code/projects/flight-plan 1 undefined Config: /Users/will/Code/projects/flight-plan/tsconfig.json WatchType: Wild card directory
Info 60   [00:09:49.281] Starting updateGraphWorker: Project: /Users/will/Code/projects/flight-plan/tsconfig.json
Info 61   [00:09:49.283] Finishing updateGraphWorker: Project: /Users/will/Code/projects/flight-plan/tsconfig.json Version: 8 structureChanged: false structureIsReused:: Completely Elapsed: 2.4928330183029175ms
Info 62   [00:09:51.523] Before ensureProjectForOpenFiles:
Info 63   [00:09:51.524] After ensureProjectForOpenFiles:
Info 64   [00:09:51.526] got projects updated in background, updating diagnostics for /Users/will/Code/projects/flight-plan/src/pages/index.tsx
Info 65   [00:10:07.513] DirectoryWatcher:: Triggered with /users/will/code/projects/flight-plan/.next/cache/webpack/server-development/index.pack :: WatchInfo: /users/will/code/projects/flight-plan 1 undefined Config: /Users/will/Code/projects/flight-plan/tsconfig.json WatchType: Wild card directory
Info 66   [00:10:07.514] Project: /Users/will/Code/projects/flight-plan/tsconfig.json Detected file add/remove of non supported extension: /users/will/code/projects/flight-plan/.next/cache/webpack/server-development/index.pack
Info 67   [00:10:07.514] Elapsed:: 0.20524999499320984ms DirectoryWatcher:: Triggered with /users/will/code/projects/flight-plan/.next/cache/webpack/server-development/index.pack :: WatchInfo: /users/will/code/projects/flight-plan 1 undefined Config: /Users/will/Code/projects/flight-plan/tsconfig.json WatchType: Wild card directory
Info 68   [00:10:07.514] DirectoryWatcher:: Triggered with /users/will/code/projects/flight-plan/.next/cache/webpack/server-development/index.pack.old :: WatchInfo: /users/will/code/projects/flight-plan 1 undefined Config: /Users/will/Code/projects/flight-plan/tsconfig.json WatchType: Wild card directory
Info 69   [00:10:07.514] Project: /Users/will/Code/projects/flight-plan/tsconfig.json Detected file add/remove of non supported extension: /users/will/code/projects/flight-plan/.next/cache/webpack/server-development/index.pack.old
Info 70   [00:10:07.514] Elapsed:: 0.05950000882148743ms DirectoryWatcher:: Triggered with /users/will/code/projects/flight-plan/.next/cache/webpack/server-development/index.pack.old :: WatchInfo: /users/will/code/projects/flight-plan 1 undefined Config: /Users/will/Code/projects/flight-plan/tsconfig.json WatchType: Wild card directory
Info 71   [00:10:07.514] DirectoryWatcher:: Triggered with /users/will/code/projects/flight-plan/.next/cache/webpack/server-development/index.pack.old :: WatchInfo: /users/will/code/projects/flight-plan 1 undefined Config: /Users/will/Code/projects/flight-plan/tsconfig.json WatchType: Wild card directory
Info 72   [00:10:07.514] Project: /Users/will/Code/projects/flight-plan/tsconfig.json Detected file add/remove of non supported extension: /users/will/code/projects/flight-plan/.next/cache/webpack/server-development/index.pack.old
Info 73   [00:10:07.514] Elapsed:: 0.050000011920928955ms DirectoryWatcher:: Triggered with /users/will/code/projects/flight-plan/.next/cache/webpack/server-development/index.pack.old :: WatchInfo: /users/will/code/projects/flight-plan 1 undefined Config: /Users/will/Code/projects/flight-plan/tsconfig.json WatchType: Wild card directory
Info 74   [00:10:07.514] DirectoryWatcher:: Triggered with /users/will/code/projects/flight-plan/.next/cache/webpack/server-development/4.pack_ :: WatchInfo: /users/will/code/projects/flight-plan 1 undefined Config: /Users/will/Code/projects/flight-plan/tsconfig.json WatchType: Wild card directory
Info 75   [00:10:07.514] Project: /Users/will/Code/projects/flight-plan/tsconfig.json Detected file add/remove of non supported extension: /users/will/code/projects/flight-plan/.next/cache/webpack/server-development/4.pack_
Info 76   [00:10:07.514] Elapsed:: 0.08191698789596558ms DirectoryWatcher:: Triggered with /users/will/code/projects/flight-plan/.next/cache/webpack/server-development/4.pack_ :: WatchInfo: /users/will/code/projects/flight-plan 1 undefined Config: /Users/will/Code/projects/flight-plan/tsconfig.json WatchType: Wild card directory
Info 77   [00:10:07.516] DirectoryWatcher:: Triggered with /users/will/code/projects/flight-plan/.next/cache/webpack/server-development/4.pack :: WatchInfo: /users/will/code/projects/flight-plan 1 undefined Config: /Users/will/Code/projects/flight-plan/tsconfig.json WatchType: Wild card directory
Info 78   [00:10:07.517] Project: /Users/will/Code/projects/flight-plan/tsconfig.json Detected file add/remove of non supported extension: /users/will/code/projects/flight-plan/.next/cache/webpack/server-development/4.pack
Info 79   [00:10:07.517] Elapsed:: 0.1303749978542328ms DirectoryWatcher:: Triggered with /users/will/code/projects/flight-plan/.next/cache/webpack/server-development/4.pack :: WatchInfo: /users/will/code/projects/flight-plan 1 undefined Config: /Users/will/Code/projects/flight-plan/tsconfig.json WatchType: Wild card directory
Info 80   [00:10:07.517] DirectoryWatcher:: Triggered with /users/will/code/projects/flight-plan/.next/cache/webpack/server-development/4.pack :: WatchInfo: /users/will/code/projects/flight-plan 1 undefined Config: /Users/will/Code/projects/flight-plan/tsconfig.json WatchType: Wild card directory
Info 81   [00:10:07.517] Project: /Users/will/Code/projects/flight-plan/tsconfig.json Detected file add/remove of non supported extension: /users/will/code/projects/flight-plan/.next/cache/webpack/server-development/4.pack
Info 82   [00:10:07.517] Elapsed:: 0.05920800566673279ms DirectoryWatcher:: Triggered with /users/will/code/projects/flight-plan/.next/cache/webpack/server-development/4.pack :: WatchInfo: /users/will/code/projects/flight-plan 1 undefined Config: /Users/will/Code/projects/flight-plan/tsconfig.json WatchType: Wild card directory
Info 83   [00:10:07.517] DirectoryWatcher:: Triggered with /users/will/code/projects/flight-plan/.next/cache/webpack/server-development/5.pack_ :: WatchInfo: /users/will/code/projects/flight-plan 1 undefined Config: /Users/will/Code/projects/flight-plan/tsconfig.json WatchType: Wild card directory
Info 84   [00:10:07.517] Project: /Users/will/Code/projects/flight-plan/tsconfig.json Detected file add/remove of non supported extension: /users/will/code/projects/flight-plan/.next/cache/webpack/server-development/5.pack_
Info 85   [00:10:07.517] Elapsed:: 0.34291601181030273ms DirectoryWatcher:: Triggered with /users/will/code/projects/flight-plan/.next/cache/webpack/server-development/5.pack_ :: WatchInfo: /users/will/code/projects/flight-plan 1 undefined Config: /Users/will/Code/projects/flight-plan/tsconfig.json WatchType: Wild card directory
Info 86   [00:10:07.517] DirectoryWatcher:: Triggered with /users/will/code/projects/flight-plan/.next/cache/webpack/server-development/5.pack :: WatchInfo: /users/will/code/projects/flight-plan 1 undefined Config: /Users/will/Code/projects/flight-plan/tsconfig.json WatchType: Wild card directory
Info 87   [00:10:07.517] Project: /Users/will/Code/projects/flight-plan/tsconfig.json Detected file add/remove of non supported extension: /users/will/code/projects/flight-plan/.next/cache/webpack/server-development/5.pack
Info 88   [00:10:07.517] Elapsed:: 0.07512500882148743ms DirectoryWatcher:: Triggered with /users/will/code/projects/flight-plan/.next/cache/webpack/server-development/5.pack :: WatchInfo: /users/will/code/projects/flight-plan 1 undefined Config: /Users/will/Code/projects/flight-plan/tsconfig.json WatchType: Wild card directory
Info 89   [00:10:07.517] DirectoryWatcher:: Triggered with /users/will/code/projects/flight-plan/.next/cache/webpack/server-development/5.pack :: WatchInfo: /users/will/code/projects/flight-plan 1 undefined Config: /Users/will/Code/projects/flight-plan/tsconfig.json WatchType: Wild card directory
Info 90   [00:10:07.517] Project: /Users/will/Code/projects/flight-plan/tsconfig.json Detected file add/remove of non supported extension: /users/will/code/projects/flight-plan/.next/cache/webpack/server-development/5.pack
Info 91   [00:10:07.518] Elapsed:: 0.06337499618530273ms DirectoryWatcher:: Triggered with /users/will/code/projects/flight-plan/.next/cache/webpack/server-development/5.pack :: WatchInfo: /users/will/code/projects/flight-plan 1 undefined Config: /Users/will/Code/projects/flight-plan/tsconfig.json WatchType: Wild card directory
Info 92   [00:10:07.518] DirectoryWatcher:: Triggered with /users/will/code/projects/flight-plan/.next/cache/webpack/server-development/7.pack_ :: WatchInfo: /users/will/code/projects/flight-plan 1 undefined Config: /Users/will/Code/projects/flight-plan/tsconfig.json WatchType: Wild card directory
Info 93   [00:10:07.518] Project: /Users/will/Code/projects/flight-plan/tsconfig.json Detected file add/remove of non supported extension: /users/will/code/projects/flight-plan/.next/cache/webpack/server-development/7.pack_
Info 94   [00:10:07.518] Elapsed:: 0.046583980321884155ms DirectoryWatcher:: Triggered with /users/will/code/projects/flight-plan/.next/cache/webpack/server-development/7.pack_ :: WatchInfo: /users/will/code/projects/flight-plan 1 undefined Config: /Users/will/Code/projects/flight-plan/tsconfig.json WatchType: Wild card directory
Info 95   [00:10:07.518] DirectoryWatcher:: Triggered with /users/will/code/projects/flight-plan/.next/cache/webpack/server-development/7.pack :: WatchInfo: /users/will/code/projects/flight-plan 1 undefined Config: /Users/will/Code/projects/flight-plan/tsconfig.json WatchType: Wild card directory
Info 96   [00:10:07.518] Project: /Users/will/Code/projects/flight-plan/tsconfig.json Detected file add/remove of non supported extension: /users/will/code/projects/flight-plan/.next/cache/webpack/server-development/7.pack
Info 97   [00:10:07.518] Elapsed:: 0.04170900583267212ms DirectoryWatcher:: Triggered with /users/will/code/projects/flight-plan/.next/cache/webpack/server-development/7.pack :: WatchInfo: /users/will/code/projects/flight-plan 1 undefined Config: /Users/will/Code/projects/flight-plan/tsconfig.json WatchType: Wild card directory
Info 98   [00:10:07.518] DirectoryWatcher:: Triggered with /users/will/code/projects/flight-plan/.next/cache/webpack/server-development/7.pack :: WatchInfo: /users/will/code/projects/flight-plan 1 undefined Config: /Users/will/Code/projects/flight-plan/tsconfig.json WatchType: Wild card directory
Info 99   [00:10:07.518] Project: /Users/will/Code/projects/flight-plan/tsconfig.json Detected file add/remove of non supported extension: /users/will/code/projects/flight-plan/.next/cache/webpack/server-development/7.pack
Info 100  [00:10:07.518] Elapsed:: 0.05079197883605957ms DirectoryWatcher:: Triggered with /users/will/code/projects/flight-plan/.next/cache/webpack/server-development/7.pack :: WatchInfo: /users/will/code/projects/flight-plan 1 undefined Config: /Users/will/Code/projects/flight-plan/tsconfig.json WatchType: Wild card directory
Info 101  [00:10:07.518] DirectoryWatcher:: Triggered with /users/will/code/projects/flight-plan/.next/cache/webpack/server-development/8.pack_ :: WatchInfo: /users/will/code/projects/flight-plan 1 undefined Config: /Users/will/Code/projects/flight-plan/tsconfig.json WatchType: Wild card directory
Info 102  [00:10:07.518] Project: /Users/will/Code/projects/flight-plan/tsconfig.json Detected file add/remove of non supported extension: /users/will/code/projects/flight-plan/.next/cache/webpack/server-development/8.pack_
Info 103  [00:10:07.518] Elapsed:: 0.04175001382827759ms DirectoryWatcher:: Triggered with /users/will/code/projects/flight-plan/.next/cache/webpack/server-development/8.pack_ :: WatchInfo: /users/will/code/projects/flight-plan 1 undefined Config: /Users/will/Code/projects/flight-plan/tsconfig.json WatchType: Wild card directory
Info 104  [00:10:07.518] DirectoryWatcher:: Triggered with /users/will/code/projects/flight-plan/.next/cache/webpack/server-development/8.pack :: WatchInfo: /users/will/code/projects/flight-plan 1 undefined Config: /Users/will/Code/projects/flight-plan/tsconfig.json WatchType: Wild card directory
Info 105  [00:10:07.518] Project: /Users/will/Code/projects/flight-plan/tsconfig.json Detected file add/remove of non supported extension: /users/will/code/projects/flight-plan/.next/cache/webpack/server-development/8.pack
Info 106  [00:10:07.518] Elapsed:: 0.0425419807434082ms DirectoryWatcher:: Triggered with /users/will/code/projects/flight-plan/.next/cache/webpack/server-development/8.pack :: WatchInfo: /users/will/code/projects/flight-plan 1 undefined Config: /Users/will/Code/projects/flight-plan/tsconfig.json WatchType: Wild card directory
Info 107  [00:10:07.518] DirectoryWatcher:: Triggered with /users/will/code/projects/flight-plan/.next/cache/webpack/server-development/8.pack :: WatchInfo: /users/will/code/projects/flight-plan 1 undefined Config: /Users/will/Code/projects/flight-plan/tsconfig.json WatchType: Wild card directory
Info 108  [00:10:07.518] Project: /Users/will/Code/projects/flight-plan/tsconfig.json Detected file add/remove of non supported extension: /users/will/code/projects/flight-plan/.next/cache/webpack/server-development/8.pack
Info 109  [00:10:07.518] Elapsed:: 0.04220899939537048ms DirectoryWatcher:: Triggered with /users/will/code/projects/flight-plan/.next/cache/webpack/server-development/8.pack :: WatchInfo: /users/will/code/projects/flight-plan 1 undefined Config: /Users/will/Code/projects/flight-plan/tsconfig.json WatchType: Wild card directory
Info 110  [00:10:07.518] DirectoryWatcher:: Triggered with /users/will/code/projects/flight-plan/.next/cache/webpack/server-development/index.pack_ :: WatchInfo: /users/will/code/projects/flight-plan 1 undefined Config: /Users/will/Code/projects/flight-plan/tsconfig.json WatchType: Wild card directory
Info 111  [00:10:07.518] Project: /Users/will/Code/projects/flight-plan/tsconfig.json Detected file add/remove of non supported extension: /users/will/code/projects/flight-plan/.next/cache/webpack/server-development/index.pack_
Info 112  [00:10:07.518] Elapsed:: 0.24525001645088196ms DirectoryWatcher:: Triggered with /users/will/code/projects/flight-plan/.next/cache/webpack/server-development/index.pack_ :: WatchInfo: /users/will/code/projects/flight-plan 1 undefined Config: /Users/will/Code/projects/flight-plan/tsconfig.json WatchType: Wild card directory
Info 113  [00:10:07.518] DirectoryWatcher:: Triggered with /users/will/code/projects/flight-plan/.next/cache/webpack/server-development/index.pack :: WatchInfo: /users/will/code/projects/flight-plan 1 undefined Config: /Users/will/Code/projects/flight-plan/tsconfig.json WatchType: Wild card directory
Info 114  [00:10:07.519] Project: /Users/will/Code/projects/flight-plan/tsconfig.json Detected file add/remove of non supported extension: /users/will/code/projects/flight-plan/.next/cache/webpack/server-development/index.pack
Info 115  [00:10:07.519] Elapsed:: 0.05083301663398743ms DirectoryWatcher:: Triggered with /users/will/code/projects/flight-plan/.next/cache/webpack/server-development/index.pack :: WatchInfo: /users/will/code/projects/flight-plan 1 undefined Config: /Users/will/Code/projects/flight-plan/tsconfig.json WatchType: Wild card directory
Info 116  [00:10:23.058] DirectoryWatcher:: Triggered with /users/will/code/projects/flight-plan/.next/static/webpack/webpack.b0f2702d63062ddb.hot-update.js :: WatchInfo: /users/will/code/projects/flight-plan 1 undefined Config: /Users/will/Code/projects/flight-plan/tsconfig.json WatchType: Wild card directory
Info 117  [00:10:23.058] Elapsed:: 0.5169579982757568ms DirectoryWatcher:: Triggered with /users/will/code/projects/flight-plan/.next/static/webpack/webpack.b0f2702d63062ddb.hot-update.js :: WatchInfo: /users/will/code/projects/flight-plan 1 undefined Config: /Users/will/Code/projects/flight-plan/tsconfig.json WatchType: Wild card directory
Info 118  [00:10:23.058] DirectoryWatcher:: Triggered with /users/will/code/projects/flight-plan/.next/static/webpack/b0f2702d63062ddb.webpack.hot-update.json :: WatchInfo: /users/will/code/projects/flight-plan 1 undefined Config: /Users/will/Code/projects/flight-plan/tsconfig.json WatchType: Wild card directory
Info 119  [00:10:23.059] Elapsed:: 0.2802499830722809ms DirectoryWatcher:: Triggered with /users/will/code/projects/flight-plan/.next/static/webpack/b0f2702d63062ddb.webpack.hot-update.json :: WatchInfo: /users/will/code/projects/flight-plan 1 undefined Config: /Users/will/Code/projects/flight-plan/tsconfig.json WatchType: Wild card directory
Info 120  [00:10:23.327] Starting updateGraphWorker: Project: /Users/will/Code/projects/flight-plan/tsconfig.json
Info 121  [00:10:23.334] Finishing updateGraphWorker: Project: /Users/will/Code/projects/flight-plan/tsconfig.json Version: 9 structureChanged: false structureIsReused:: Completely Elapsed: 6.656958997249603ms
Info 122  [00:10:24.076] DirectoryWatcher:: Triggered with /users/will/code/projects/flight-plan/.next/cache/webpack/client-development/2.pack_ :: WatchInfo: /users/will/code/projects/flight-plan 1 undefined Config: /Users/will/Code/projects/flight-plan/tsconfig.json WatchType: Wild card directory
Info 123  [00:10:24.077] Project: /Users/will/Code/projects/flight-plan/tsconfig.json Detected file add/remove of non supported extension: /users/will/code/projects/flight-plan/.next/cache/webpack/client-development/2.pack_
Info 124  [00:10:24.077] Elapsed:: 0.14812502264976501ms DirectoryWatcher:: Triggered with /users/will/code/projects/flight-plan/.next/cache/webpack/client-development/2.pack_ :: WatchInfo: /users/will/code/projects/flight-plan 1 undefined Config: /Users/will/Code/projects/flight-plan/tsconfig.json WatchType: Wild card directory
Info 125  [00:10:24.077] DirectoryWatcher:: Triggered with /users/will/code/projects/flight-plan/.next/cache/webpack/client-development/0.pack_ :: WatchInfo: /users/will/code/projects/flight-plan 1 undefined Config: /Users/will/Code/projects/flight-plan/tsconfig.json WatchType: Wild card directory
Info 126  [00:10:24.077] Project: /Users/will/Code/projects/flight-plan/tsconfig.json Detected file add/remove of non supported extension: /users/will/code/projects/flight-plan/.next/cache/webpack/client-development/0.pack_
Info 127  [00:10:24.077] Elapsed:: 0.07670798897743225ms DirectoryWatcher:: Triggered with /users/will/code/projects/flight-plan/.next/cache/webpack/client-development/0.pack_ :: WatchInfo: /users/will/code/projects/flight-plan 1 undefined Config: /Users/will/Code/projects/flight-plan/tsconfig.json WatchType: Wild card directory
Info 128  [00:10:24.127] DirectoryWatcher:: Triggered with /users/will/code/projects/flight-plan/.next/cache/webpack/client-development/index.pack :: WatchInfo: /users/will/code/projects/flight-plan 1 undefined Config: /Users/will/Code/projects/flight-plan/tsconfig.json WatchType: Wild card directory
Info 129  [00:10:24.128] Project: /Users/will/Code/projects/flight-plan/tsconfig.json Detected file add/remove of non supported extension: /users/will/code/projects/flight-plan/.next/cache/webpack/client-development/index.pack
Info 130  [00:10:24.128] Elapsed:: 0.1540830135345459ms DirectoryWatcher:: Triggered with /users/will/code/projects/flight-plan/.next/cache/webpack/client-development/index.pack :: WatchInfo: /users/will/code/projects/flight-plan 1 undefined Config: /Users/will/Code/projects/flight-plan/tsconfig.json WatchType: Wild card directory
Info 131  [00:10:24.128] DirectoryWatcher:: Triggered with /users/will/code/projects/flight-plan/.next/cache/webpack/client-development/index.pack.old :: WatchInfo: /users/will/code/projects/flight-plan 1 undefined Config: /Users/will/Code/projects/flight-plan/tsconfig.json WatchType: Wild card directory
Info 132  [00:10:24.128] Project: /Users/will/Code/projects/flight-plan/tsconfig.json Detected file add/remove of non supported extension: /users/will/code/projects/flight-plan/.next/cache/webpack/client-development/index.pack.old
Info 133  [00:10:24.128] Elapsed:: 0.04591599106788635ms DirectoryWatcher:: Triggered with /users/will/code/projects/flight-plan/.next/cache/webpack/client-development/index.pack.old :: WatchInfo: /users/will/code/projects/flight-plan 1 undefined Config: /Users/will/Code/projects/flight-plan/tsconfig.json WatchType: Wild card directory
Info 134  [00:10:24.128] DirectoryWatcher:: Triggered with /users/will/code/projects/flight-plan/.next/cache/webpack/client-development/index.pack.old :: WatchInfo: /users/will/code/projects/flight-plan 1 undefined Config: /Users/will/Code/projects/flight-plan/tsconfig.json WatchType: Wild card directory
Info 135  [00:10:24.128] Project: /Users/will/Code/projects/flight-plan/tsconfig.json Detected file add/remove of non supported extension: /users/will/code/projects/flight-plan/.next/cache/webpack/client-development/index.pack.old
Info 136  [00:10:24.128] Elapsed:: 0.04220801591873169ms DirectoryWatcher:: Triggered with /users/will/code/projects/flight-plan/.next/cache/webpack/client-development/index.pack.old :: WatchInfo: /users/will/code/projects/flight-plan 1 undefined Config: /Users/will/Code/projects/flight-plan/tsconfig.json WatchType: Wild card directory
Info 137  [00:10:24.128] DirectoryWatcher:: Triggered with /users/will/code/projects/flight-plan/.next/cache/webpack/client-development/1.pack_ :: WatchInfo: /users/will/code/projects/flight-plan 1 undefined Config: /Users/will/Code/projects/flight-plan/tsconfig.json WatchType: Wild card directory
Info 138  [00:10:24.128] Project: /Users/will/Code/projects/flight-plan/tsconfig.json Detected file add/remove of non supported extension: /users/will/code/projects/flight-plan/.next/cache/webpack/client-development/1.pack_
Info 139  [00:10:24.128] Elapsed:: 0.04150000214576721ms DirectoryWatcher:: Triggered with /users/will/code/projects/flight-plan/.next/cache/webpack/client-development/1.pack_ :: WatchInfo: /users/will/code/projects/flight-plan 1 undefined Config: /Users/will/Code/projects/flight-plan/tsconfig.json WatchType: Wild card directory
Info 140  [00:10:24.128] DirectoryWatcher:: Triggered with /users/will/code/projects/flight-plan/.next/cache/webpack/client-development/1.pack :: WatchInfo: /users/will/code/projects/flight-plan 1 undefined Config: /Users/will/Code/projects/flight-plan/tsconfig.json WatchType: Wild card directory
Info 141  [00:10:24.128] Project: /Users/will/Code/projects/flight-plan/tsconfig.json Detected file add/remove of non supported extension: /users/will/code/projects/flight-plan/.next/cache/webpack/client-development/1.pack
Info 142  [00:10:24.128] Elapsed:: 0.03995797038078308ms DirectoryWatcher:: Triggered with /users/will/code/projects/flight-plan/.next/cache/webpack/client-development/1.pack :: WatchInfo: /users/will/code/projects/flight-plan 1 undefined Config: /Users/will/Code/projects/flight-plan/tsconfig.json WatchType: Wild card directory
Info 143  [00:10:24.128] DirectoryWatcher:: Triggered with /users/will/code/projects/flight-plan/.next/cache/webpack/client-development/1.pack :: WatchInfo: /users/will/code/projects/flight-plan 1 undefined Config: /Users/will/Code/projects/flight-plan/tsconfig.json WatchType: Wild card directory
Info 144  [00:10:24.128] Project: /Users/will/Code/projects/flight-plan/tsconfig.json Detected file add/remove of non supported extension: /users/will/code/projects/flight-plan/.next/cache/webpack/client-development/1.pack
Info 145  [00:10:24.128] Elapsed:: 0.043792009353637695ms DirectoryWatcher:: Triggered with /users/will/code/projects/flight-plan/.next/cache/webpack/client-development/1.pack :: WatchInfo: /users/will/code/projects/flight-plan 1 undefined Config: /Users/will/Code/projects/flight-plan/tsconfig.json WatchType: Wild card directory
Info 146  [00:10:24.128] DirectoryWatcher:: Triggered with /users/will/code/projects/flight-plan/.next/cache/webpack/client-development/0.pack_ :: WatchInfo: /users/will/code/projects/flight-plan 1 undefined Config: /Users/will/Code/projects/flight-plan/tsconfig.json WatchType: Wild card directory
Info 147  [00:10:24.128] Project: /Users/will/Code/projects/flight-plan/tsconfig.json Detected file add/remove of non supported extension: /users/will/code/projects/flight-plan/.next/cache/webpack/client-development/0.pack_
Info 148  [00:10:24.128] Elapsed:: 0.053582996129989624ms DirectoryWatcher:: Triggered with /users/will/code/projects/flight-plan/.next/cache/webpack/client-development/0.pack_ :: WatchInfo: /users/will/code/projects/flight-plan 1 undefined Config: /Users/will/Code/projects/flight-plan/tsconfig.json WatchType: Wild card directory
Info 149  [00:10:24.128] DirectoryWatcher:: Triggered with /users/will/code/projects/flight-plan/.next/cache/webpack/client-development/0.pack :: WatchInfo: /users/will/code/projects/flight-plan 1 undefined Config: /Users/will/Code/projects/flight-plan/tsconfig.json WatchType: Wild card directory
Info 150  [00:10:24.128] Project: /Users/will/Code/projects/flight-plan/tsconfig.json Detected file add/remove of non supported extension: /users/will/code/projects/flight-plan/.next/cache/webpack/client-development/0.pack
Info 151  [00:10:24.129] Elapsed:: 0.03916698694229126ms DirectoryWatcher:: Triggered with /users/will/code/projects/flight-plan/.next/cache/webpack/client-development/0.pack :: WatchInfo: /users/will/code/projects/flight-plan 1 undefined Config: /Users/will/Code/projects/flight-plan/tsconfig.json WatchType: Wild card directory
Info 152  [00:10:24.129] DirectoryWatcher:: Triggered with /users/will/code/projects/flight-plan/.next/cache/webpack/client-development/0.pack :: WatchInfo: /users/will/code/projects/flight-plan 1 undefined Config: /Users/will/Code/projects/flight-plan/tsconfig.json WatchType: Wild card directory
Info 153  [00:10:24.129] Project: /Users/will/Code/projects/flight-plan/tsconfig.json Detected file add/remove of non supported extension: /users/will/code/projects/flight-plan/.next/cache/webpack/client-development/0.pack
Info 154  [00:10:24.129] Elapsed:: 0.03908398747444153ms DirectoryWatcher:: Triggered with /users/will/code/projects/flight-plan/.next/cache/webpack/client-development/0.pack :: WatchInfo: /users/will/code/projects/flight-plan 1 undefined Config: /Users/will/Code/projects/flight-plan/tsconfig.json WatchType: Wild card directory
Info 155  [00:10:24.129] DirectoryWatcher:: Triggered with /users/will/code/projects/flight-plan/.next/cache/webpack/client-development/2.pack_ :: WatchInfo: /users/will/code/projects/flight-plan 1 undefined Config: /Users/will/Code/projects/flight-plan/tsconfig.json WatchType: Wild card directory
Info 156  [00:10:24.129] Project: /Users/will/Code/projects/flight-plan/tsconfig.json Detected file add/remove of non supported extension: /users/will/code/projects/flight-plan/.next/cache/webpack/client-development/2.pack_
Info 157  [00:10:24.129] Elapsed:: 0.039416998624801636ms DirectoryWatcher:: Triggered with /users/will/code/projects/flight-plan/.next/cache/webpack/client-development/2.pack_ :: WatchInfo: /users/will/code/projects/flight-plan 1 undefined Config: /Users/will/Code/projects/flight-plan/tsconfig.json WatchType: Wild card directory
Info 158  [00:10:24.129] DirectoryWatcher:: Triggered with /users/will/code/projects/flight-plan/.next/cache/webpack/client-development/2.pack :: WatchInfo: /users/will/code/projects/flight-plan 1 undefined Config: /Users/will/Code/projects/flight-plan/tsconfig.json WatchType: Wild card directory
Info 159  [00:10:24.129] Project: /Users/will/Code/projects/flight-plan/tsconfig.json Detected file add/remove of non supported extension: /users/will/code/projects/flight-plan/.next/cache/webpack/client-development/2.pack
Info 160  [00:10:24.129] Elapsed:: 0.03904101252555847ms DirectoryWatcher:: Triggered with /users/will/code/projects/flight-plan/.next/cache/webpack/client-development/2.pack :: WatchInfo: /users/will/code/projects/flight-plan 1 undefined Config: /Users/will/Code/projects/flight-plan/tsconfig.json WatchType: Wild card directory
Info 161  [00:10:24.129] DirectoryWatcher:: Triggered with /users/will/code/projects/flight-plan/.next/cache/webpack/client-development/2.pack :: WatchInfo: /users/will/code/projects/flight-plan 1 undefined Config: /Users/will/Code/projects/flight-plan/tsconfig.json WatchType: Wild card directory
Info 162  [00:10:24.129] Project: /Users/will/Code/projects/flight-plan/tsconfig.json Detected file add/remove of non supported extension: /users/will/code/projects/flight-plan/.next/cache/webpack/client-development/2.pack
Info 163  [00:10:24.129] Elapsed:: 0.039374977350234985ms DirectoryWatcher:: Triggered with /users/will/code/projects/flight-plan/.next/cache/webpack/client-development/2.pack :: WatchInfo: /users/will/code/projects/flight-plan 1 undefined Config: /Users/will/Code/projects/flight-plan/tsconfig.json WatchType: Wild card directory
Info 164  [00:10:24.129] DirectoryWatcher:: Triggered with /users/will/code/projects/flight-plan/.next/cache/webpack/client-development/index.pack_ :: WatchInfo: /users/will/code/projects/flight-plan 1 undefined Config: /Users/will/Code/projects/flight-plan/tsconfig.json WatchType: Wild card directory
Info 165  [00:10:24.129] Project: /Users/will/Code/projects/flight-plan/tsconfig.json Detected file add/remove of non supported extension: /users/will/code/projects/flight-plan/.next/cache/webpack/client-development/index.pack_
Info 166  [00:10:24.129] Elapsed:: 0.0441250205039978ms DirectoryWatcher:: Triggered with /users/will/code/projects/flight-plan/.next/cache/webpack/client-development/index.pack_ :: WatchInfo: /users/will/code/projects/flight-plan 1 undefined Config: /Users/will/Code/projects/flight-plan/tsconfig.json WatchType: Wild card directory
Info 167  [00:10:24.129] DirectoryWatcher:: Triggered with /users/will/code/projects/flight-plan/.next/cache/webpack/client-development/index.pack :: WatchInfo: /users/will/code/projects/flight-plan 1 undefined Config: /Users/will/Code/projects/flight-plan/tsconfig.json WatchType: Wild card directory
Info 168  [00:10:24.129] Project: /Users/will/Code/projects/flight-plan/tsconfig.json Detected file add/remove of non supported extension: /users/will/code/projects/flight-plan/.next/cache/webpack/client-development/index.pack
Info 169  [00:10:24.129] Elapsed:: 0.038290977478027344ms DirectoryWatcher:: Triggered with /users/will/code/projects/flight-plan/.next/cache/webpack/client-development/index.pack :: WatchInfo: /users/will/code/projects/flight-plan 1 undefined Config: /Users/will/Code/projects/flight-plan/tsconfig.json WatchType: Wild card directory
Info 170  [00:10:25.559] Before ensureProjectForOpenFiles:
Info 171  [00:10:25.559] After ensureProjectForOpenFiles:
Info 172  [00:10:25.559] got projects updated in background, updating diagnostics for /Users/will/Code/projects/flight-plan/src/pages/index.tsx
Info 173  [00:11:12.932] DirectoryWatcher:: Triggered with /users/will/code/projects/flight-plan/.git/index.lock :: WatchInfo: /users/will/code/projects/flight-plan 1 undefined Config: /Users/will/Code/projects/flight-plan/tsconfig.json WatchType: Wild card directory
Info 174  [00:11:12.932] Project: /Users/will/Code/projects/flight-plan/tsconfig.json Detected ignored path: /users/will/code/projects/flight-plan/.git/index.lock
Info 175  [00:11:12.932] Elapsed:: 0.046000003814697266ms DirectoryWatcher:: Triggered with /users/will/code/projects/flight-plan/.git/index.lock :: WatchInfo: /users/will/code/projects/flight-plan 1 undefined Config: /Users/will/Code/projects/flight-plan/tsconfig.json WatchType: Wild card directory
Info 176  [00:11:13.857] Search path: /Users/will/Code/projects/flight-plan/src/pages
Info 177  [00:11:13.858] For info: /Users/will/Code/projects/flight-plan/src/pages/sign-in.tsx :: Config file name: /Users/will/Code/projects/flight-plan/tsconfig.json
Info 178  [00:11:59.721] Format host information updated
Info 179  [00:11:59.972] Starting updateGraphWorker: Project: /Users/will/Code/projects/flight-plan/tsconfig.json
Info 180  [00:12:00.006] Finishing updateGraphWorker: Project: /Users/will/Code/projects/flight-plan/tsconfig.json Version: 10 structureChanged: false structureIsReused:: Completely Elapsed: 33.692458003759384ms
Info 181  [00:12:00.006] Different program with same set of files
Info 182  [00:12:01.142] DirectoryWatcher:: Triggered with /users/will/code/projects/flight-plan/.git/index.lock :: WatchInfo: /users/will/code/projects/flight-plan 1 undefined Config: /Users/will/Code/projects/flight-plan/tsconfig.json WatchType: Wild card directory
Info 183  [00:12:01.142] Project: /Users/will/Code/projects/flight-plan/tsconfig.json Detected ignored path: /users/will/code/projects/flight-plan/.git/index.lock
Info 184  [00:12:01.142] Elapsed:: 0.05625000596046448ms DirectoryWatcher:: Triggered with /users/will/code/projects/flight-plan/.git/index.lock :: WatchInfo: /users/will/code/projects/flight-plan 1 undefined Config: /Users/will/Code/projects/flight-plan/tsconfig.json WatchType: Wild card directory
Info 185  [00:12:01.193] DirectoryWatcher:: Triggered with /users/will/code/projects/flight-plan/.next/static/webpack/webpack.49222f0947a00bd0.hot-update.js :: WatchInfo: /users/will/code/projects/flight-plan 1 undefined Config: /Users/will/Code/projects/flight-plan/tsconfig.json WatchType: Wild card directory
Info 186  [00:12:01.194] Elapsed:: 0.18404200673103333ms DirectoryWatcher:: Triggered with /users/will/code/projects/flight-plan/.next/static/webpack/webpack.49222f0947a00bd0.hot-update.js :: WatchInfo: /users/will/code/projects/flight-plan 1 undefined Config: /Users/will/Code/projects/flight-plan/tsconfig.json WatchType: Wild card directory
Info 187  [00:12:01.194] DirectoryWatcher:: Triggered with /users/will/code/projects/flight-plan/.next/static/webpack/49222f0947a00bd0.webpack.hot-update.json :: WatchInfo: /users/will/code/projects/flight-plan 1 undefined Config: /Users/will/Code/projects/flight-plan/tsconfig.json WatchType: Wild card directory
Info 188  [00:12:01.194] Elapsed:: 0.11100000143051147ms DirectoryWatcher:: Triggered with /users/will/code/projects/flight-plan/.next/static/webpack/49222f0947a00bd0.webpack.hot-update.json :: WatchInfo: /users/will/code/projects/flight-plan 1 undefined Config: /Users/will/Code/projects/flight-plan/tsconfig.json WatchType: Wild card directory
Info 189  [00:12:01.458] Starting updateGraphWorker: Project: /Users/will/Code/projects/flight-plan/tsconfig.json
Info 190  [00:12:01.461] Finishing updateGraphWorker: Project: /Users/will/Code/projects/flight-plan/tsconfig.json Version: 11 structureChanged: false structureIsReused:: Completely Elapsed: 3.0102919936180115ms
Info 191  [00:12:03.695] Before ensureProjectForOpenFiles:
Info 192  [00:12:03.696] After ensureProjectForOpenFiles:
Info 193  [00:12:03.696] got projects updated in background, updating diagnostics for /Users/will/Code/projects/flight-plan/src/pages/index.tsx,/Users/will/Code/projects/flight-plan/src/pages/sign-in.tsx
Info 194  [00:13:01.297] DirectoryWatcher:: Triggered with /users/will/code/projects/flight-plan/.next/static/webpack/webpack.f89394f3c96ed747.hot-update.js :: WatchInfo: /users/will/code/projects/flight-plan 1 undefined Config: /Users/will/Code/projects/flight-plan/tsconfig.json WatchType: Wild card directory
Info 195  [00:13:01.298] Elapsed:: 0.28404098749160767ms DirectoryWatcher:: Triggered with /users/will/code/projects/flight-plan/.next/static/webpack/webpack.f89394f3c96ed747.hot-update.js :: WatchInfo: /users/will/code/projects/flight-plan 1 undefined Config: /Users/will/Code/projects/flight-plan/tsconfig.json WatchType: Wild card directory
Info 196  [00:13:01.298] DirectoryWatcher:: Triggered with /users/will/code/projects/flight-plan/.next/static/webpack/f89394f3c96ed747.webpack.hot-update.json :: WatchInfo: /users/will/code/projects/flight-plan 1 undefined Config: /Users/will/Code/projects/flight-plan/tsconfig.json WatchType: Wild card directory
Info 197  [00:13:01.298] Elapsed:: 0.16987499594688416ms DirectoryWatcher:: Triggered with /users/will/code/projects/flight-plan/.next/static/webpack/f89394f3c96ed747.webpack.hot-update.json :: WatchInfo: /users/will/code/projects/flight-plan 1 undefined Config: /Users/will/Code/projects/flight-plan/tsconfig.json WatchType: Wild card directory
Info 198  [00:13:01.555] Starting updateGraphWorker: Project: /Users/will/Code/projects/flight-plan/tsconfig.json
Info 199  [00:13:01.561] Finishing updateGraphWorker: Project: /Users/will/Code/projects/flight-plan/tsconfig.json Version: 12 structureChanged: false structureIsReused:: Completely Elapsed: 4.776167005300522ms
Info 200  [00:13:03.171] DirectoryWatcher:: Triggered with /users/will/code/projects/flight-plan/.next/cache/webpack/server-development/index.pack :: WatchInfo: /users/will/code/projects/flight-plan 1 undefined Config: /Users/will/Code/projects/flight-plan/tsconfig.json WatchType: Wild card directory
Info 201  [00:13:03.171] Project: /Users/will/Code/projects/flight-plan/tsconfig.json Detected file add/remove of non supported extension: /users/will/code/projects/flight-plan/.next/cache/webpack/server-development/index.pack
Info 202  [00:13:03.171] Elapsed:: 0.12012499570846558ms DirectoryWatcher:: Triggered with /users/will/code/projects/flight-plan/.next/cache/webpack/server-development/index.pack :: WatchInfo: /users/will/code/projects/flight-plan 1 undefined Config: /Users/will/Code/projects/flight-plan/tsconfig.json WatchType: Wild card directory
Info 203  [00:13:03.171] DirectoryWatcher:: Triggered with /users/will/code/projects/flight-plan/.next/cache/webpack/server-development/index.pack.old :: WatchInfo: /users/will/code/projects/flight-plan 1 undefined Config: /Users/will/Code/projects/flight-plan/tsconfig.json WatchType: Wild card directory
Info 204  [00:13:03.171] Project: /Users/will/Code/projects/flight-plan/tsconfig.json Detected file add/remove of non supported extension: /users/will/code/projects/flight-plan/.next/cache/webpack/server-development/index.pack.old
Info 205  [00:13:03.171] Elapsed:: 0.042041003704071045ms DirectoryWatcher:: Triggered with /users/will/code/projects/flight-plan/.next/cache/webpack/server-development/index.pack.old :: WatchInfo: /users/will/code/projects/flight-plan 1 undefined Config: /Users/will/Code/projects/flight-plan/tsconfig.json WatchType: Wild card directory
Info 206  [00:13:03.171] DirectoryWatcher:: Triggered with /users/will/code/projects/flight-plan/.next/cache/webpack/server-development/index.pack.old :: WatchInfo: /users/will/code/projects/flight-plan 1 undefined Config: /Users/will/Code/projects/flight-plan/tsconfig.json WatchType: Wild card directory
Info 207  [00:13:03.171] Project: /Users/will/Code/projects/flight-plan/tsconfig.json Detected file add/remove of non supported extension: /users/will/code/projects/flight-plan/.next/cache/webpack/server-development/index.pack.old
Info 208  [00:13:03.171] Elapsed:: 0.03604200482368469ms DirectoryWatcher:: Triggered with /users/will/code/projects/flight-plan/.next/cache/webpack/server-development/index.pack.old :: WatchInfo: /users/will/code/projects/flight-plan 1 undefined Config: /Users/will/Code/projects/flight-plan/tsconfig.json WatchType: Wild card directory
Info 209  [00:13:03.171] DirectoryWatcher:: Triggered with /users/will/code/projects/flight-plan/.next/cache/webpack/server-development/8.pack_ :: WatchInfo: /users/will/code/projects/flight-plan 1 undefined Config: /Users/will/Code/projects/flight-plan/tsconfig.json WatchType: Wild card directory
Info 210  [00:13:03.171] Project: /Users/will/Code/projects/flight-plan/tsconfig.json Detected file add/remove of non supported extension: /users/will/code/projects/flight-plan/.next/cache/webpack/server-development/8.pack_
Info 211  [00:13:03.171] Elapsed:: 0.03525000810623169ms DirectoryWatcher:: Triggered with /users/will/code/projects/flight-plan/.next/cache/webpack/server-development/8.pack_ :: WatchInfo: /users/will/code/projects/flight-plan 1 undefined Config: /Users/will/Code/projects/flight-plan/tsconfig.json WatchType: Wild card directory
Info 212  [00:13:03.171] DirectoryWatcher:: Triggered with /users/will/code/projects/flight-plan/.next/cache/webpack/server-development/8.pack :: WatchInfo: /users/will/code/projects/flight-plan 1 undefined Config: /Users/will/Code/projects/flight-plan/tsconfig.json WatchType: Wild card directory
Info 213  [00:13:03.171] Project: /Users/will/Code/projects/flight-plan/tsconfig.json Detected file add/remove of non supported extension: /users/will/code/projects/flight-plan/.next/cache/webpack/server-development/8.pack
Info 214  [00:13:03.171] Elapsed:: 0.06116598844528198ms DirectoryWatcher:: Triggered with /users/will/code/projects/flight-plan/.next/cache/webpack/server-development/8.pack :: WatchInfo: /users/will/code/projects/flight-plan 1 undefined Config: /Users/will/Code/projects/flight-plan/tsconfig.json WatchType: Wild card directory
Info 215  [00:13:03.171] DirectoryWatcher:: Triggered with /users/will/code/projects/flight-plan/.next/cache/webpack/server-development/8.pack :: WatchInfo: /users/will/code/projects/flight-plan 1 undefined Config: /Users/will/Code/projects/flight-plan/tsconfig.json WatchType: Wild card directory
Info 216  [00:13:03.171] Project: /Users/will/Code/projects/flight-plan/tsconfig.json Detected file add/remove of non supported extension: /users/will/code/projects/flight-plan/.next/cache/webpack/server-development/8.pack
Info 217  [00:13:03.171] Elapsed:: 0.03462499380111694ms DirectoryWatcher:: Triggered with /users/will/code/projects/flight-plan/.next/cache/webpack/server-development/8.pack :: WatchInfo: /users/will/code/projects/flight-plan 1 undefined Config: /Users/will/Code/projects/flight-plan/tsconfig.json WatchType: Wild card directory
Info 218  [00:13:03.172] DirectoryWatcher:: Triggered with /users/will/code/projects/flight-plan/.next/cache/webpack/server-development/9.pack_ :: WatchInfo: /users/will/code/projects/flight-plan 1 undefined Config: /Users/will/Code/projects/flight-plan/tsconfig.json WatchType: Wild card directory
Info 219  [00:13:03.172] Project: /Users/will/Code/projects/flight-plan/tsconfig.json Detected file add/remove of non supported extension: /users/will/code/projects/flight-plan/.next/cache/webpack/server-development/9.pack_
Info 220  [00:13:03.172] Elapsed:: 0.0357079803943634ms DirectoryWatcher:: Triggered with /users/will/code/projects/flight-plan/.next/cache/webpack/server-development/9.pack_ :: WatchInfo: /users/will/code/projects/flight-plan 1 undefined Config: /Users/will/Code/projects/flight-plan/tsconfig.json WatchType: Wild card directory
Info 221  [00:13:03.172] DirectoryWatcher:: Triggered with /users/will/code/projects/flight-plan/.next/cache/webpack/server-development/9.pack :: WatchInfo: /users/will/code/projects/flight-plan 1 undefined Config: /Users/will/Code/projects/flight-plan/tsconfig.json WatchType: Wild card directory
Info 222  [00:13:03.172] Project: /Users/will/Code/projects/flight-plan/tsconfig.json Detected file add/remove of non supported extension: /users/will/code/projects/flight-plan/.next/cache/webpack/server-development/9.pack
Info 223  [00:13:03.172] Elapsed:: 0.040167003870010376ms DirectoryWatcher:: Triggered with /users/will/code/projects/flight-plan/.next/cache/webpack/server-development/9.pack :: WatchInfo: /users/will/code/projects/flight-plan 1 undefined Config: /Users/will/Code/projects/flight-plan/tsconfig.json WatchType: Wild card directory
Info 224  [00:13:03.172] DirectoryWatcher:: Triggered with /users/will/code/projects/flight-plan/.next/cache/webpack/server-development/9.pack :: WatchInfo: /users/will/code/projects/flight-plan 1 undefined Config: /Users/will/Code/projects/flight-plan/tsconfig.json WatchType: Wild card directory
Info 225  [00:13:03.172] Project: /Users/will/Code/projects/flight-plan/tsconfig.json Detected file add/remove of non supported extension: /users/will/code/projects/flight-plan/.next/cache/webpack/server-development/9.pack
Info 226  [00:13:03.172] Elapsed:: 0.03383299708366394ms DirectoryWatcher:: Triggered with /users/will/code/projects/flight-plan/.next/cache/webpack/server-development/9.pack :: WatchInfo: /users/will/code/projects/flight-plan 1 undefined Config: /Users/will/Code/projects/flight-plan/tsconfig.json WatchType: Wild card directory
Info 227  [00:13:03.172] DirectoryWatcher:: Triggered with /users/will/code/projects/flight-plan/.next/cache/webpack/server-development/10.pack_ :: WatchInfo: /users/will/code/projects/flight-plan 1 undefined Config: /Users/will/Code/projects/flight-plan/tsconfig.json WatchType: Wild card directory
Info 228  [00:13:03.172] Project: /Users/will/Code/projects/flight-plan/tsconfig.json Detected file add/remove of non supported extension: /users/will/code/projects/flight-plan/.next/cache/webpack/server-development/10.pack_
Info 229  [00:13:03.172] Elapsed:: 0.03458300232887268ms DirectoryWatcher:: Triggered with /users/will/code/projects/flight-plan/.next/cache/webpack/server-development/10.pack_ :: WatchInfo: /users/will/code/projects/flight-plan 1 undefined Config: /Users/will/Code/projects/flight-plan/tsconfig.json WatchType: Wild card directory
Info 230  [00:13:03.172] DirectoryWatcher:: Triggered with /users/will/code/projects/flight-plan/.next/cache/webpack/server-development/10.pack :: WatchInfo: /users/will/code/projects/flight-plan 1 undefined Config: /Users/will/Code/projects/flight-plan/tsconfig.json WatchType: Wild card directory
Info 231  [00:13:03.172] Project: /Users/will/Code/projects/flight-plan/tsconfig.json Detected file add/remove of non supported extension: /users/will/code/projects/flight-plan/.next/cache/webpack/server-development/10.pack
Info 232  [00:13:03.172] Elapsed:: 0.03408399224281311ms DirectoryWatcher:: Triggered with /users/will/code/projects/flight-plan/.next/cache/webpack/server-development/10.pack :: WatchInfo: /users/will/code/projects/flight-plan 1 undefined Config: /Users/will/Code/projects/flight-plan/tsconfig.json WatchType: Wild card directory
Info 233  [00:13:03.172] DirectoryWatcher:: Triggered with /users/will/code/projects/flight-plan/.next/cache/webpack/server-development/10.pack :: WatchInfo: /users/will/code/projects/flight-plan 1 undefined Config: /Users/will/Code/projects/flight-plan/tsconfig.json WatchType: Wild card directory
Info 234  [00:13:03.172] Project: /Users/will/Code/projects/flight-plan/tsconfig.json Detected file add/remove of non supported extension: /users/will/code/projects/flight-plan/.next/cache/webpack/server-development/10.pack
Info 235  [00:13:03.172] Elapsed:: 0.033583998680114746ms DirectoryWatcher:: Triggered with /users/will/code/projects/flight-plan/.next/cache/webpack/server-development/10.pack :: WatchInfo: /users/will/code/projects/flight-plan 1 undefined Config: /Users/will/Code/projects/flight-plan/tsconfig.json WatchType: Wild card directory
Info 236  [00:13:03.172] DirectoryWatcher:: Triggered with /users/will/code/projects/flight-plan/.next/cache/webpack/server-development/7.pack_ :: WatchInfo: /users/will/code/projects/flight-plan 1 undefined Config: /Users/will/Code/projects/flight-plan/tsconfig.json WatchType: Wild card directory
Info 237  [00:13:03.172] Project: /Users/will/Code/projects/flight-plan/tsconfig.json Detected file add/remove of non supported extension: /users/will/code/projects/flight-plan/.next/cache/webpack/server-development/7.pack_
Info 238  [00:13:03.172] Elapsed:: 0.03266701102256775ms DirectoryWatcher:: Triggered with /users/will/code/projects/flight-plan/.next/cache/webpack/server-development/7.pack_ :: WatchInfo: /users/will/code/projects/flight-plan 1 undefined Config: /Users/will/Code/projects/flight-plan/tsconfig.json WatchType: Wild card directory
Info 239  [00:13:03.172] DirectoryWatcher:: Triggered with /users/will/code/projects/flight-plan/.next/cache/webpack/server-development/7.pack :: WatchInfo: /users/will/code/projects/flight-plan 1 undefined Config: /Users/will/Code/projects/flight-plan/tsconfig.json WatchType: Wild card directory
Info 240  [00:13:03.172] Project: /Users/will/Code/projects/flight-plan/tsconfig.json Detected file add/remove of non supported extension: /users/will/code/projects/flight-plan/.next/cache/webpack/server-development/7.pack
Info 241  [00:13:03.172] Elapsed:: 0.03291699290275574ms DirectoryWatcher:: Triggered with /users/will/code/projects/flight-plan/.next/cache/webpack/server-development/7.pack :: WatchInfo: /users/will/code/projects/flight-plan 1 undefined Config: /Users/will/Code/projects/flight-plan/tsconfig.json WatchType: Wild card directory
Info 242  [00:13:03.172] DirectoryWatcher:: Triggered with /users/will/code/projects/flight-plan/.next/cache/webpack/server-development/7.pack :: WatchInfo: /users/will/code/projects/flight-plan 1 undefined Config: /Users/will/Code/projects/flight-plan/tsconfig.json WatchType: Wild card directory
Info 243  [00:13:03.172] Project: /Users/will/Code/projects/flight-plan/tsconfig.json Detected file add/remove of non supported extension: /users/will/code/projects/flight-plan/.next/cache/webpack/server-development/7.pack
Info 244  [00:13:03.172] Elapsed:: 0.03379097580909729ms DirectoryWatcher:: Triggered with /users/will/code/projects/flight-plan/.next/cache/webpack/server-development/7.pack :: WatchInfo: /users/will/code/projects/flight-plan 1 undefined Config: /Users/will/Code/projects/flight-plan/tsconfig.json WatchType: Wild card directory
Info 245  [00:13:03.172] DirectoryWatcher:: Triggered with /users/will/code/projects/flight-plan/.next/cache/webpack/server-development/index.pack_ :: WatchInfo: /users/will/code/projects/flight-plan 1 undefined Config: /Users/will/Code/projects/flight-plan/tsconfig.json WatchType: Wild card directory
Info 246  [00:13:03.172] Project: /Users/will/Code/projects/flight-plan/tsconfig.json Detected file add/remove of non supported extension: /users/will/code/projects/flight-plan/.next/cache/webpack/server-development/index.pack_
Info 247  [00:13:03.172] Elapsed:: 0.03408399224281311ms DirectoryWatcher:: Triggered with /users/will/code/projects/flight-plan/.next/cache/webpack/server-development/index.pack_ :: WatchInfo: /users/will/code/projects/flight-plan 1 undefined Config: /Users/will/Code/projects/flight-plan/tsconfig.json WatchType: Wild card directory
Info 248  [00:13:03.172] DirectoryWatcher:: Triggered with /users/will/code/projects/flight-plan/.next/cache/webpack/server-development/index.pack :: WatchInfo: /users/will/code/projects/flight-plan 1 undefined Config: /Users/will/Code/projects/flight-plan/tsconfig.json WatchType: Wild card directory
Info 249  [00:13:03.172] Project: /Users/will/Code/projects/flight-plan/tsconfig.json Detected file add/remove of non supported extension: /users/will/code/projects/flight-plan/.next/cache/webpack/server-development/index.pack
Info 250  [00:13:03.172] Elapsed:: 0.034667015075683594ms DirectoryWatcher:: Triggered with /users/will/code/projects/flight-plan/.next/cache/webpack/server-development/index.pack :: WatchInfo: /users/will/code/projects/flight-plan 1 undefined Config: /Users/will/Code/projects/flight-plan/tsconfig.json WatchType: Wild card directory
Info 251  [00:13:03.798] Before ensureProjectForOpenFiles:
Info 252  [00:13:03.799] After ensureProjectForOpenFiles:
Info 253  [00:13:03.800] got projects updated in background, updating diagnostics for /Users/will/Code/projects/flight-plan/src/pages/index.tsx,/Users/will/Code/projects/flight-plan/src/pages/sign-in.tsx
Info 254  [00:14:01.434] DirectoryWatcher:: Triggered with /users/will/code/projects/flight-plan/.next/cache/webpack/client-development/index.pack :: WatchInfo: /users/will/code/projects/flight-plan 1 undefined Config: /Users/will/Code/projects/flight-plan/tsconfig.json WatchType: Wild card directory
Info 255  [00:14:01.435] Project: /Users/will/Code/projects/flight-plan/tsconfig.json Detected file add/remove of non supported extension: /users/will/code/projects/flight-plan/.next/cache/webpack/client-development/index.pack
Info 256  [00:14:01.435] Elapsed:: 0.2610830068588257ms DirectoryWatcher:: Triggered with /users/will/code/projects/flight-plan/.next/cache/webpack/client-development/index.pack :: WatchInfo: /users/will/code/projects/flight-plan 1 undefined Config: /Users/will/Code/projects/flight-plan/tsconfig.json WatchType: Wild card directory
Info 257  [00:14:01.435] DirectoryWatcher:: Triggered with /users/will/code/projects/flight-plan/.next/cache/webpack/client-development/index.pack.old :: WatchInfo: /users/will/code/projects/flight-plan 1 undefined Config: /Users/will/Code/projects/flight-plan/tsconfig.json WatchType: Wild card directory
Info 258  [00:14:01.435] Project: /Users/will/Code/projects/flight-plan/tsconfig.json Detected file add/remove of non supported extension: /users/will/code/projects/flight-plan/.next/cache/webpack/client-development/index.pack.old
Info 259  [00:14:01.435] Elapsed:: 0.07795798778533936ms DirectoryWatcher:: Triggered with /users/will/code/projects/flight-plan/.next/cache/webpack/client-development/index.pack.old :: WatchInfo: /users/will/code/projects/flight-plan 1 undefined Config: /Users/will/Code/projects/flight-plan/tsconfig.json WatchType: Wild card directory
Info 260  [00:14:01.435] DirectoryWatcher:: Triggered with /users/will/code/projects/flight-plan/.next/cache/webpack/client-development/index.pack.old :: WatchInfo: /users/will/code/projects/flight-plan 1 undefined Config: /Users/will/Code/projects/flight-plan/tsconfig.json WatchType: Wild card directory
Info 261  [00:14:01.436] Project: /Users/will/Code/projects/flight-plan/tsconfig.json Detected file add/remove of non supported extension: /users/will/code/projects/flight-plan/.next/cache/webpack/client-development/index.pack.old
Info 262  [00:14:01.436] Elapsed:: 0.15262499451637268ms DirectoryWatcher:: Triggered with /users/will/code/projects/flight-plan/.next/cache/webpack/client-development/index.pack.old :: WatchInfo: /users/will/code/projects/flight-plan 1 undefined Config: /Users/will/Code/projects/flight-plan/tsconfig.json WatchType: Wild card directory
Info 263  [00:14:01.436] DirectoryWatcher:: Triggered with /users/will/code/projects/flight-plan/.next/cache/webpack/client-development/2.pack_ :: WatchInfo: /users/will/code/projects/flight-plan 1 undefined Config: /Users/will/Code/projects/flight-plan/tsconfig.json WatchType: Wild card directory
Info 264  [00:14:01.436] Project: /Users/will/Code/projects/flight-plan/tsconfig.json Detected file add/remove of non supported extension: /users/will/code/projects/flight-plan/.next/cache/webpack/client-development/2.pack_
Info 265  [00:14:01.436] Elapsed:: 0.03987500071525574ms DirectoryWatcher:: Triggered with /users/will/code/projects/flight-plan/.next/cache/webpack/client-development/2.pack_ :: WatchInfo: /users/will/code/projects/flight-plan 1 undefined Config: /Users/will/Code/projects/flight-plan/tsconfig.json WatchType: Wild card directory
Info 266  [00:14:01.436] DirectoryWatcher:: Triggered with /users/will/code/projects/flight-plan/.next/cache/webpack/client-development/2.pack :: WatchInfo: /users/will/code/projects/flight-plan 1 undefined Config: /Users/will/Code/projects/flight-plan/tsconfig.json WatchType: Wild card directory
Info 267  [00:14:01.436] Project: /Users/will/Code/projects/flight-plan/tsconfig.json Detected file add/remove of non supported extension: /users/will/code/projects/flight-plan/.next/cache/webpack/client-development/2.pack
Info 268  [00:14:01.436] Elapsed:: 0.03529101610183716ms DirectoryWatcher:: Triggered with /users/will/code/projects/flight-plan/.next/cache/webpack/client-development/2.pack :: WatchInfo: /users/will/code/projects/flight-plan 1 undefined Config: /Users/will/Code/projects/flight-plan/tsconfig.json WatchType: Wild card directory
Info 269  [00:14:01.436] DirectoryWatcher:: Triggered with /users/will/code/projects/flight-plan/.next/cache/webpack/client-development/2.pack :: WatchInfo: /users/will/code/projects/flight-plan 1 undefined Config: /Users/will/Code/projects/flight-plan/tsconfig.json WatchType: Wild card directory
Info 270  [00:14:01.436] Project: /Users/will/Code/projects/flight-plan/tsconfig.json Detected file add/remove of non supported extension: /users/will/code/projects/flight-plan/.next/cache/webpack/client-development/2.pack
Info 271  [00:14:01.436] Elapsed:: 0.03541600704193115ms DirectoryWatcher:: Triggered with /users/will/code/projects/flight-plan/.next/cache/webpack/client-development/2.pack :: WatchInfo: /users/will/code/projects/flight-plan 1 undefined Config: /Users/will/Code/projects/flight-plan/tsconfig.json WatchType: Wild card directory
Info 272  [00:14:01.436] DirectoryWatcher:: Triggered with /users/will/code/projects/flight-plan/.next/cache/webpack/client-development/6.pack_ :: WatchInfo: /users/will/code/projects/flight-plan 1 undefined Config: /Users/will/Code/projects/flight-plan/tsconfig.json WatchType: Wild card directory
Info 273  [00:14:01.436] Project: /Users/will/Code/projects/flight-plan/tsconfig.json Detected file add/remove of non supported extension: /users/will/code/projects/flight-plan/.next/cache/webpack/client-development/6.pack_
Info 274  [00:14:01.436] Elapsed:: 0.044167011976242065ms DirectoryWatcher:: Triggered with /users/will/code/projects/flight-plan/.next/cache/webpack/client-development/6.pack_ :: WatchInfo: /users/will/code/projects/flight-plan 1 undefined Config: /Users/will/Code/projects/flight-plan/tsconfig.json WatchType: Wild card directory
Info 275  [00:14:01.436] DirectoryWatcher:: Triggered with /users/will/code/projects/flight-plan/.next/cache/webpack/client-development/6.pack :: WatchInfo: /users/will/code/projects/flight-plan 1 undefined Config: /Users/will/Code/projects/flight-plan/tsconfig.json WatchType: Wild card directory
Info 276  [00:14:01.436] Project: /Users/will/Code/projects/flight-plan/tsconfig.json Detected file add/remove of non supported extension: /users/will/code/projects/flight-plan/.next/cache/webpack/client-development/6.pack
Info 277  [00:14:01.436] Elapsed:: 0.03562501072883606ms DirectoryWatcher:: Triggered with /users/will/code/projects/flight-plan/.next/cache/webpack/client-development/6.pack :: WatchInfo: /users/will/code/projects/flight-plan 1 undefined Config: /Users/will/Code/projects/flight-plan/tsconfig.json WatchType: Wild card directory
Info 278  [00:14:01.436] DirectoryWatcher:: Triggered with /users/will/code/projects/flight-plan/.next/cache/webpack/client-development/6.pack :: WatchInfo: /users/will/code/projects/flight-plan 1 undefined Config: /Users/will/Code/projects/flight-plan/tsconfig.json WatchType: Wild card directory
Info 279  [00:14:01.436] Project: /Users/will/Code/projects/flight-plan/tsconfig.json Detected file add/remove of non supported extension: /users/will/code/projects/flight-plan/.next/cache/webpack/client-development/6.pack
Info 280  [00:14:01.436] Elapsed:: 0.036124974489212036ms DirectoryWatcher:: Triggered with /users/will/code/projects/flight-plan/.next/cache/webpack/client-development/6.pack :: WatchInfo: /users/will/code/projects/flight-plan 1 undefined Config: /Users/will/Code/projects/flight-plan/tsconfig.json WatchType: Wild card directory
Info 281  [00:14:01.436] DirectoryWatcher:: Triggered with /users/will/code/projects/flight-plan/.next/cache/webpack/client-development/index.pack_ :: WatchInfo: /users/will/code/projects/flight-plan 1 undefined Config: /Users/will/Code/projects/flight-plan/tsconfig.json WatchType: Wild card directory
Info 282  [00:14:01.436] Project: /Users/will/Code/projects/flight-plan/tsconfig.json Detected file add/remove of non supported extension: /users/will/code/projects/flight-plan/.next/cache/webpack/client-development/index.pack_
Info 283  [00:14:01.436] Elapsed:: 0.03512498736381531ms DirectoryWatcher:: Triggered with /users/will/code/projects/flight-plan/.next/cache/webpack/client-development/index.pack_ :: WatchInfo: /users/will/code/projects/flight-plan 1 undefined Config: /Users/will/Code/projects/flight-plan/tsconfig.json WatchType: Wild card directory
Info 284  [00:14:01.436] DirectoryWatcher:: Triggered with /users/will/code/projects/flight-plan/.next/cache/webpack/client-development/index.pack :: WatchInfo: /users/will/code/projects/flight-plan 1 undefined Config: /Users/will/Code/projects/flight-plan/tsconfig.json WatchType: Wild card directory
Info 285  [00:14:01.436] Project: /Users/will/Code/projects/flight-plan/tsconfig.json Detected file add/remove of non supported extension: /users/will/code/projects/flight-plan/.next/cache/webpack/client-development/index.pack
Info 286  [00:14:01.436] Elapsed:: 0.033916980028152466ms DirectoryWatcher:: Triggered with /users/will/code/projects/flight-plan/.next/cache/webpack/client-development/index.pack :: WatchInfo: /users/will/code/projects/flight-plan 1 undefined Config: /Users/will/Code/projects/flight-plan/tsconfig.json WatchType: Wild card directory
Info 287  [00:15:10.991] DirectoryWatcher:: Triggered with /users/will/code/projects/flight-plan/.next/_events.json :: WatchInfo: /users/will/code/projects/flight-plan 1 undefined Config: /Users/will/Code/projects/flight-plan/tsconfig.json WatchType: Wild card directory
Info 288  [00:15:10.991] Elapsed:: 0.23054099082946777ms DirectoryWatcher:: Triggered with /users/will/code/projects/flight-plan/.next/_events.json :: WatchInfo: /users/will/code/projects/flight-plan 1 undefined Config: /Users/will/Code/projects/flight-plan/tsconfig.json WatchType: Wild card directory
Info 289  [00:15:11.247] Starting updateGraphWorker: Project: /Users/will/Code/projects/flight-plan/tsconfig.json
Info 290  [00:15:11.255] Finishing updateGraphWorker: Project: /Users/will/Code/projects/flight-plan/tsconfig.json Version: 13 structureChanged: false structureIsReused:: Completely Elapsed: 7.901541978120804ms
Info 291  [00:15:11.451] DirectoryWatcher:: Triggered with /users/will/code/projects/flight-plan/.next/_events.json :: WatchInfo: /users/will/code/projects/flight-plan 1 undefined Config: /Users/will/Code/projects/flight-plan/tsconfig.json WatchType: Wild card directory
Info 292  [00:15:11.451] Elapsed:: 0.35191699862480164ms DirectoryWatcher:: Triggered with /users/will/code/projects/flight-plan/.next/_events.json :: WatchInfo: /users/will/code/projects/flight-plan 1 undefined Config: /Users/will/Code/projects/flight-plan/tsconfig.json WatchType: Wild card directory
Info 293  [00:15:11.711] Starting updateGraphWorker: Project: /Users/will/Code/projects/flight-plan/tsconfig.json
Info 294  [00:15:11.721] Finishing updateGraphWorker: Project: /Users/will/Code/projects/flight-plan/tsconfig.json Version: 14 structureChanged: false structureIsReused:: Completely Elapsed: 9.969292014837265ms
Info 295  [00:15:13.953] Before ensureProjectForOpenFiles:
Info 296  [00:15:13.954] After ensureProjectForOpenFiles:
Info 297  [00:15:13.954] got projects updated in background, updating diagnostics for /Users/will/Code/projects/flight-plan/src/pages/index.tsx,/Users/will/Code/projects/flight-plan/src/pages/sign-in.tsx
